2025/01/31 22:20:00 [emerg] 1#1: cannot load certificate "/etc/letsencrypt/live/opsforall.net/fullchain.pem": BIO_new_file() failed (SSL: error:80000002:system library::No such file or directory:calling fopen(/etc/letsencrypt/live/opsforall.net/fullchain.pem, r) error:10000080:BIO routines::no such file)
2025/01/31 22:20:00 [emerg] 1#1: cannot load certificate "/etc/letsencrypt/live/opsforall.net/fullchain.pem": BIO_new_file() failed (SSL: error:80000002:system library::No such file or directory:calling fopen(/etc/letsencrypt/live/opsforall.net/fullchain.pem, r) error:10000080:BIO routines::no such file)
2025/01/31 22:20:01 [emerg] 1#1: cannot load certificate "/etc/letsencrypt/live/opsforall.net/fullchain.pem": BIO_new_file() failed (SSL: error:80000002:system library::No such file or directory:calling fopen(/etc/letsencrypt/live/opsforall.net/fullchain.pem, r) error:10000080:BIO routines::no such file)
2025/01/31 22:20:02 [emerg] 1#1: cannot load certificate "/etc/letsencrypt/live/opsforall.net/fullchain.pem": BIO_new_file() failed (SSL: error:80000002:system library::No such file or directory:calling fopen(/etc/letsencrypt/live/opsforall.net/fullchain.pem, r) error:10000080:BIO routines::no such file)
2025/01/31 22:20:03 [emerg] 1#1: cannot load certificate "/etc/letsencrypt/live/opsforall.net/fullchain.pem": BIO_new_file() failed (SSL: error:80000002:system library::No such file or directory:calling fopen(/etc/letsencrypt/live/opsforall.net/fullchain.pem, r) error:10000080:BIO routines::no such file)
2025/01/31 22:20:14 [emerg] 1#1: cannot load certificate "/etc/letsencrypt/live/opsforall.net/fullchain.pem": BIO_new_file() failed (SSL: error:80000002:system library::No such file or directory:calling fopen(/etc/letsencrypt/live/opsforall.net/fullchain.pem, r) error:10000080:BIO routines::no such file)
2025/01/31 22:20:15 [emerg] 1#1: cannot load certificate "/etc/letsencrypt/live/opsforall.net/fullchain.pem": BIO_new_file() failed (SSL: error:80000002:system library::No such file or directory:calling fopen(/etc/letsencrypt/live/opsforall.net/fullchain.pem, r) error:10000080:BIO routines::no such file)
2025/01/31 22:20:16 [emerg] 1#1: cannot load certificate "/etc/letsencrypt/live/opsforall.net/fullchain.pem": BIO_new_file() failed (SSL: error:80000002:system library::No such file or directory:calling fopen(/etc/letsencrypt/live/opsforall.net/fullchain.pem, r) error:10000080:BIO routines::no such file)
2025/01/31 22:20:16 [emerg] 1#1: cannot load certificate "/etc/letsencrypt/live/opsforall.net/fullchain.pem": BIO_new_file() failed (SSL: error:80000002:system library::No such file or directory:calling fopen(/etc/letsencrypt/live/opsforall.net/fullchain.pem, r) error:10000080:BIO routines::no such file)
2025/01/31 22:20:17 [emerg] 1#1: cannot load certificate "/etc/letsencrypt/live/opsforall.net/fullchain.pem": BIO_new_file() failed (SSL: error:80000002:system library::No such file or directory:calling fopen(/etc/letsencrypt/live/opsforall.net/fullchain.pem, r) error:10000080:BIO routines::no such file)
2025/01/31 22:20:19 [emerg] 1#1: cannot load certificate "/etc/letsencrypt/live/opsforall.net/fullchain.pem": BIO_new_file() failed (SSL: error:80000002:system library::No such file or directory:calling fopen(/etc/letsencrypt/live/opsforall.net/fullchain.pem, r) error:10000080:BIO routines::no such file)
2025/01/31 22:20:23 [emerg] 1#1: cannot load certificate "/etc/letsencrypt/live/opsforall.net/fullchain.pem": BIO_new_file() failed (SSL: error:80000002:system library::No such file or directory:calling fopen(/etc/letsencrypt/live/opsforall.net/fullchain.pem, r) error:10000080:BIO routines::no such file)
2025/01/31 22:20:30 [emerg] 1#1: cannot load certificate "/etc/letsencrypt/live/opsforall.net/fullchain.pem": BIO_new_file() failed (SSL: error:80000002:system library::No such file or directory:calling fopen(/etc/letsencrypt/live/opsforall.net/fullchain.pem, r) error:10000080:BIO routines::no such file)
2025/01/31 22:20:43 [emerg] 1#1: cannot load certificate "/etc/letsencrypt/live/opsforall.net/fullchain.pem": BIO_new_file() failed (SSL: error:80000002:system library::No such file or directory:calling fopen(/etc/letsencrypt/live/opsforall.net/fullchain.pem, r) error:10000080:BIO routines::no such file)
2025/01/31 22:21:09 [emerg] 1#1: cannot load certificate "/etc/letsencrypt/live/opsforall.net/fullchain.pem": BIO_new_file() failed (SSL: error:80000002:system library::No such file or directory:calling fopen(/etc/letsencrypt/live/opsforall.net/fullchain.pem, r) error:10000080:BIO routines::no such file)
2025/01/31 22:22:00 [emerg] 1#1: cannot load certificate "/etc/letsencrypt/live/opsforall.net/fullchain.pem": BIO_new_file() failed (SSL: error:80000002:system library::No such file or directory:calling fopen(/etc/letsencrypt/live/opsforall.net/fullchain.pem, r) error:10000080:BIO routines::no such file)
2025/01/31 22:23:01 [emerg] 1#1: cannot load certificate "/etc/letsencrypt/live/opsforall.net/fullchain.pem": BIO_new_file() failed (SSL: error:80000002:system library::No such file or directory:calling fopen(/etc/letsencrypt/live/opsforall.net/fullchain.pem, r) error:10000080:BIO routines::no such file)
2025/01/31 22:24:01 [emerg] 1#1: cannot load certificate "/etc/letsencrypt/live/opsforall.net/fullchain.pem": BIO_new_file() failed (SSL: error:80000002:system library::No such file or directory:calling fopen(/etc/letsencrypt/live/opsforall.net/fullchain.pem, r) error:10000080:BIO routines::no such file)
2025/01/31 22:25:02 [emerg] 1#1: cannot load certificate "/etc/letsencrypt/live/opsforall.net/fullchain.pem": BIO_new_file() failed (SSL: error:80000002:system library::No such file or directory:calling fopen(/etc/letsencrypt/live/opsforall.net/fullchain.pem, r) error:10000080:BIO routines::no such file)
2025/01/31 22:26:02 [emerg] 1#1: cannot load certificate "/etc/letsencrypt/live/opsforall.net/fullchain.pem": BIO_new_file() failed (SSL: error:80000002:system library::No such file or directory:calling fopen(/etc/letsencrypt/live/opsforall.net/fullchain.pem, r) error:10000080:BIO routines::no such file)
2025/01/31 22:27:02 [emerg] 1#1: cannot load certificate "/etc/letsencrypt/live/opsforall.net/fullchain.pem": BIO_new_file() failed (SSL: error:80000002:system library::No such file or directory:calling fopen(/etc/letsencrypt/live/opsforall.net/fullchain.pem, r) error:10000080:BIO routines::no such file)
2025/01/31 22:27:34 [emerg] 1#1: cannot load certificate "/etc/letsencrypt/live/opsforall.net/fullchain.pem": BIO_new_file() failed (SSL: error:80000002:system library::No such file or directory:calling fopen(/etc/letsencrypt/live/opsforall.net/fullchain.pem, r) error:10000080:BIO routines::no such file)
2025/01/31 22:27:34 [emerg] 1#1: cannot load certificate "/etc/letsencrypt/live/opsforall.net/fullchain.pem": BIO_new_file() failed (SSL: error:80000002:system library::No such file or directory:calling fopen(/etc/letsencrypt/live/opsforall.net/fullchain.pem, r) error:10000080:BIO routines::no such file)
2025/01/31 22:27:35 [emerg] 1#1: cannot load certificate "/etc/letsencrypt/live/opsforall.net/fullchain.pem": BIO_new_file() failed (SSL: error:80000002:system library::No such file or directory:calling fopen(/etc/letsencrypt/live/opsforall.net/fullchain.pem, r) error:10000080:BIO routines::no such file)
2025/01/31 22:27:36 [emerg] 1#1: cannot load certificate "/etc/letsencrypt/live/opsforall.net/fullchain.pem": BIO_new_file() failed (SSL: error:80000002:system library::No such file or directory:calling fopen(/etc/letsencrypt/live/opsforall.net/fullchain.pem, r) error:10000080:BIO routines::no such file)
2025/01/31 22:27:37 [emerg] 1#1: cannot load certificate "/etc/letsencrypt/live/opsforall.net/fullchain.pem": BIO_new_file() failed (SSL: error:80000002:system library::No such file or directory:calling fopen(/etc/letsencrypt/live/opsforall.net/fullchain.pem, r) error:10000080:BIO routines::no such file)
2025/01/31 22:27:39 [emerg] 1#1: cannot load certificate "/etc/letsencrypt/live/opsforall.net/fullchain.pem": BIO_new_file() failed (SSL: error:80000002:system library::No such file or directory:calling fopen(/etc/letsencrypt/live/opsforall.net/fullchain.pem, r) error:10000080:BIO routines::no such file)
2025/01/31 22:27:43 [emerg] 1#1: cannot load certificate "/etc/letsencrypt/live/opsforall.net/fullchain.pem": BIO_new_file() failed (SSL: error:80000002:system library::No such file or directory:calling fopen(/etc/letsencrypt/live/opsforall.net/fullchain.pem, r) error:10000080:BIO routines::no such file)
2025/01/31 22:27:49 [emerg] 1#1: cannot load certificate "/etc/letsencrypt/live/opsforall.net/fullchain.pem": BIO_new_file() failed (SSL: error:80000002:system library::No such file or directory:calling fopen(/etc/letsencrypt/live/opsforall.net/fullchain.pem, r) error:10000080:BIO routines::no such file)
2025/01/31 22:28:02 [emerg] 1#1: cannot load certificate "/etc/letsencrypt/live/opsforall.net/fullchain.pem": BIO_new_file() failed (SSL: error:80000002:system library::No such file or directory:calling fopen(/etc/letsencrypt/live/opsforall.net/fullchain.pem, r) error:10000080:BIO routines::no such file)
2025/01/31 22:28:14 [emerg] 1#1: cannot load certificate "/etc/letsencrypt/live/opsforall.net/fullchain.pem": BIO_new_file() failed (SSL: error:80000002:system library::No such file or directory:calling fopen(/etc/letsencrypt/live/opsforall.net/fullchain.pem, r) error:10000080:BIO routines::no such file)
2025/01/31 22:28:14 [emerg] 1#1: cannot load certificate "/etc/letsencrypt/live/opsforall.net/fullchain.pem": BIO_new_file() failed (SSL: error:80000002:system library::No such file or directory:calling fopen(/etc/letsencrypt/live/opsforall.net/fullchain.pem, r) error:10000080:BIO routines::no such file)
2025/01/31 22:28:15 [emerg] 1#1: cannot load certificate "/etc/letsencrypt/live/opsforall.net/fullchain.pem": BIO_new_file() failed (SSL: error:80000002:system library::No such file or directory:calling fopen(/etc/letsencrypt/live/opsforall.net/fullchain.pem, r) error:10000080:BIO routines::no such file)
2025/01/31 22:28:16 [emerg] 1#1: cannot load certificate "/etc/letsencrypt/live/opsforall.net/fullchain.pem": BIO_new_file() failed (SSL: error:80000002:system library::No such file or directory:calling fopen(/etc/letsencrypt/live/opsforall.net/fullchain.pem, r) error:10000080:BIO routines::no such file)
2025/01/31 22:28:17 [emerg] 1#1: cannot load certificate "/etc/letsencrypt/live/opsforall.net/fullchain.pem": BIO_new_file() failed (SSL: error:80000002:system library::No such file or directory:calling fopen(/etc/letsencrypt/live/opsforall.net/fullchain.pem, r) error:10000080:BIO routines::no such file)
2025/01/31 22:28:19 [emerg] 1#1: cannot load certificate "/etc/letsencrypt/live/opsforall.net/fullchain.pem": BIO_new_file() failed (SSL: error:80000002:system library::No such file or directory:calling fopen(/etc/letsencrypt/live/opsforall.net/fullchain.pem, r) error:10000080:BIO routines::no such file)
2025/01/31 22:28:23 [emerg] 1#1: cannot load certificate "/etc/letsencrypt/live/opsforall.net/fullchain.pem": BIO_new_file() failed (SSL: error:80000002:system library::No such file or directory:calling fopen(/etc/letsencrypt/live/opsforall.net/fullchain.pem, r) error:10000080:BIO routines::no such file)
2025/01/31 22:28:29 [emerg] 1#1: cannot load certificate "/etc/letsencrypt/live/opsforall.net/fullchain.pem": BIO_new_file() failed (SSL: error:80000002:system library::No such file or directory:calling fopen(/etc/letsencrypt/live/opsforall.net/fullchain.pem, r) error:10000080:BIO routines::no such file)
2025/01/31 22:28:43 [emerg] 1#1: cannot load certificate "/etc/letsencrypt/live/opsforall.net/fullchain.pem": BIO_new_file() failed (SSL: error:80000002:system library::No such file or directory:calling fopen(/etc/letsencrypt/live/opsforall.net/fullchain.pem, r) error:10000080:BIO routines::no such file)
2025/01/31 22:29:09 [emerg] 1#1: cannot load certificate "/etc/letsencrypt/live/opsforall.net/fullchain.pem": BIO_new_file() failed (SSL: error:80000002:system library::No such file or directory:calling fopen(/etc/letsencrypt/live/opsforall.net/fullchain.pem, r) error:10000080:BIO routines::no such file)
2025/01/31 22:30:00 [emerg] 1#1: cannot load certificate "/etc/letsencrypt/live/opsforall.net/fullchain.pem": BIO_new_file() failed (SSL: error:80000002:system library::No such file or directory:calling fopen(/etc/letsencrypt/live/opsforall.net/fullchain.pem, r) error:10000080:BIO routines::no such file)
2025/01/31 22:31:00 [emerg] 1#1: cannot load certificate "/etc/letsencrypt/live/opsforall.net/fullchain.pem": BIO_new_file() failed (SSL: error:80000002:system library::No such file or directory:calling fopen(/etc/letsencrypt/live/opsforall.net/fullchain.pem, r) error:10000080:BIO routines::no such file)
2025/01/31 22:32:01 [emerg] 1#1: cannot load certificate "/etc/letsencrypt/live/opsforall.net/fullchain.pem": BIO_new_file() failed (SSL: error:80000002:system library::No such file or directory:calling fopen(/etc/letsencrypt/live/opsforall.net/fullchain.pem, r) error:10000080:BIO routines::no such file)
2025/01/31 22:33:01 [emerg] 1#1: cannot load certificate "/etc/letsencrypt/live/opsforall.net/fullchain.pem": BIO_new_file() failed (SSL: error:80000002:system library::No such file or directory:calling fopen(/etc/letsencrypt/live/opsforall.net/fullchain.pem, r) error:10000080:BIO routines::no such file)
2025/01/31 22:34:02 [emerg] 1#1: cannot load certificate "/etc/letsencrypt/live/opsforall.net/fullchain.pem": BIO_new_file() failed (SSL: error:80000002:system library::No such file or directory:calling fopen(/etc/letsencrypt/live/opsforall.net/fullchain.pem, r) error:10000080:BIO routines::no such file)
2025/01/31 22:35:02 [emerg] 1#1: cannot load certificate "/etc/letsencrypt/live/opsforall.net/fullchain.pem": BIO_new_file() failed (SSL: error:80000002:system library::No such file or directory:calling fopen(/etc/letsencrypt/live/opsforall.net/fullchain.pem, r) error:10000080:BIO routines::no such file)
2025/01/31 22:36:02 [emerg] 1#1: cannot load certificate "/etc/letsencrypt/live/opsforall.net/fullchain.pem": BIO_new_file() failed (SSL: error:80000002:system library::No such file or directory:calling fopen(/etc/letsencrypt/live/opsforall.net/fullchain.pem, r) error:10000080:BIO routines::no such file)
2025/01/31 22:37:03 [emerg] 1#1: cannot load certificate "/etc/letsencrypt/live/opsforall.net/fullchain.pem": BIO_new_file() failed (SSL: error:80000002:system library::No such file or directory:calling fopen(/etc/letsencrypt/live/opsforall.net/fullchain.pem, r) error:10000080:BIO routines::no such file)
2025/01/31 22:38:03 [emerg] 1#1: cannot load certificate "/etc/letsencrypt/live/opsforall.net/fullchain.pem": BIO_new_file() failed (SSL: error:80000002:system library::No such file or directory:calling fopen(/etc/letsencrypt/live/opsforall.net/fullchain.pem, r) error:10000080:BIO routines::no such file)
2025/01/31 22:39:03 [emerg] 1#1: cannot load certificate "/etc/letsencrypt/live/opsforall.net/fullchain.pem": BIO_new_file() failed (SSL: error:80000002:system library::No such file or directory:calling fopen(/etc/letsencrypt/live/opsforall.net/fullchain.pem, r) error:10000080:BIO routines::no such file)
2025/01/31 22:40:04 [emerg] 1#1: cannot load certificate "/etc/letsencrypt/live/opsforall.net/fullchain.pem": BIO_new_file() failed (SSL: error:80000002:system library::No such file or directory:calling fopen(/etc/letsencrypt/live/opsforall.net/fullchain.pem, r) error:10000080:BIO routines::no such file)
2025/01/31 22:41:04 [emerg] 1#1: cannot load certificate "/etc/letsencrypt/live/opsforall.net/fullchain.pem": BIO_new_file() failed (SSL: error:80000002:system library::No such file or directory:calling fopen(/etc/letsencrypt/live/opsforall.net/fullchain.pem, r) error:10000080:BIO routines::no such file)
2025/01/31 22:42:04 [emerg] 1#1: cannot load certificate "/etc/letsencrypt/live/opsforall.net/fullchain.pem": BIO_new_file() failed (SSL: error:80000002:system library::No such file or directory:calling fopen(/etc/letsencrypt/live/opsforall.net/fullchain.pem, r) error:10000080:BIO routines::no such file)
2025/01/31 22:43:05 [emerg] 1#1: cannot load certificate "/etc/letsencrypt/live/opsforall.net/fullchain.pem": BIO_new_file() failed (SSL: error:80000002:system library::No such file or directory:calling fopen(/etc/letsencrypt/live/opsforall.net/fullchain.pem, r) error:10000080:BIO routines::no such file)
2025/01/31 22:44:05 [emerg] 1#1: cannot load certificate "/etc/letsencrypt/live/opsforall.net/fullchain.pem": BIO_new_file() failed (SSL: error:80000002:system library::No such file or directory:calling fopen(/etc/letsencrypt/live/opsforall.net/fullchain.pem, r) error:10000080:BIO routines::no such file)
2025/01/31 22:45:06 [emerg] 1#1: cannot load certificate "/etc/letsencrypt/live/opsforall.net/fullchain.pem": BIO_new_file() failed (SSL: error:80000002:system library::No such file or directory:calling fopen(/etc/letsencrypt/live/opsforall.net/fullchain.pem, r) error:10000080:BIO routines::no such file)
2025/01/31 22:46:06 [emerg] 1#1: cannot load certificate "/etc/letsencrypt/live/opsforall.net/fullchain.pem": BIO_new_file() failed (SSL: error:80000002:system library::No such file or directory:calling fopen(/etc/letsencrypt/live/opsforall.net/fullchain.pem, r) error:10000080:BIO routines::no such file)
2025/01/31 22:47:06 [emerg] 1#1: cannot load certificate "/etc/letsencrypt/live/opsforall.net/fullchain.pem": BIO_new_file() failed (SSL: error:80000002:system library::No such file or directory:calling fopen(/etc/letsencrypt/live/opsforall.net/fullchain.pem, r) error:10000080:BIO routines::no such file)
2025/01/31 22:48:07 [emerg] 1#1: cannot load certificate "/etc/letsencrypt/live/opsforall.net/fullchain.pem": BIO_new_file() failed (SSL: error:80000002:system library::No such file or directory:calling fopen(/etc/letsencrypt/live/opsforall.net/fullchain.pem, r) error:10000080:BIO routines::no such file)
2025/01/31 22:48:28 [notice] 1#1: using the "epoll" event method
2025/01/31 22:48:28 [notice] 1#1: nginx/1.26.2
2025/01/31 22:48:28 [notice] 1#1: built by gcc 13.2.1 20240309 (Alpine 13.2.1_git20240309) 
2025/01/31 22:48:28 [notice] 1#1: OS: Linux 6.8.0-1021-aws
2025/01/31 22:48:28 [notice] 1#1: getrlimit(RLIMIT_NOFILE): 1048576:1048576
2025/01/31 22:48:28 [notice] 1#1: start worker processes
2025/01/31 22:48:28 [notice] 1#1: start worker process 28
2025/01/31 22:48:28 [notice] 1#1: start worker process 29
2025/01/31 22:48:28 [error] 29#29: *1 open() "/var/www/certbot/.well-known/acme-challenge/FyxRD6M54Z_l2q1jFlbpPzDZIvF_dAUecP7RUPHq2dA" failed (2: No such file or directory), client: 66.133.109.36, server: opsforall.net, request: "GET /.well-known/acme-challenge/FyxRD6M54Z_l2q1jFlbpPzDZIvF_dAUecP7RUPHq2dA HTTP/1.1", host: "opsforall.net"
2025/01/31 22:50:03 [notice] 1#1: signal 3 (SIGQUIT) received, shutting down
2025/01/31 22:50:03 [notice] 28#28: gracefully shutting down
2025/01/31 22:50:03 [notice] 28#28: exiting
2025/01/31 22:50:03 [notice] 28#28: exit
2025/01/31 22:50:03 [notice] 29#29: gracefully shutting down
2025/01/31 22:50:03 [notice] 29#29: exiting
2025/01/31 22:50:03 [notice] 29#29: exit
2025/01/31 22:50:03 [notice] 1#1: signal 17 (SIGCHLD) received from 28
2025/01/31 22:50:03 [notice] 1#1: worker process 28 exited with code 0
2025/01/31 22:50:03 [notice] 1#1: worker process 29 exited with code 0
2025/01/31 22:50:03 [notice] 1#1: exit
2025/01/31 22:50:28 [notice] 1#1: using the "epoll" event method
2025/01/31 22:50:28 [notice] 1#1: nginx/1.26.2
2025/01/31 22:50:28 [notice] 1#1: built by gcc 13.2.1 20240309 (Alpine 13.2.1_git20240309) 
2025/01/31 22:50:28 [notice] 1#1: OS: Linux 6.8.0-1021-aws
2025/01/31 22:50:28 [notice] 1#1: getrlimit(RLIMIT_NOFILE): 1048576:1048576
2025/01/31 22:50:28 [notice] 1#1: start worker processes
2025/01/31 22:50:28 [notice] 1#1: start worker process 28
2025/01/31 22:50:28 [notice] 1#1: start worker process 29
2025/01/31 22:50:28 [error] 28#28: *1 open() "/var/www/certbot/.well-known/acme-challenge/luplXH2aUxh0UqWX_I9Fa3ygwKP04zcxrIj6WP4VSoA" failed (2: No such file or directory), client: 66.133.109.36, server: opsforall.net, request: "GET /.well-known/acme-challenge/luplXH2aUxh0UqWX_I9Fa3ygwKP04zcxrIj6WP4VSoA HTTP/1.1", host: "opsforall.net"
2025/01/31 22:51:08 [notice] 1#1: signal 3 (SIGQUIT) received, shutting down
2025/01/31 22:51:08 [notice] 29#29: gracefully shutting down
2025/01/31 22:51:08 [notice] 29#29: exiting
2025/01/31 22:51:08 [notice] 29#29: exit
2025/01/31 22:51:08 [notice] 28#28: gracefully shutting down
2025/01/31 22:51:08 [notice] 28#28: exiting
2025/01/31 22:51:08 [notice] 28#28: exit
2025/01/31 22:51:08 [notice] 1#1: signal 17 (SIGCHLD) received from 29
2025/01/31 22:51:08 [notice] 1#1: worker process 29 exited with code 0
2025/01/31 22:51:08 [notice] 1#1: worker process 28 exited with code 0
2025/01/31 22:51:08 [notice] 1#1: exit
2025/01/31 23:01:43 [notice] 1#1: using the "epoll" event method
2025/01/31 23:01:43 [notice] 1#1: nginx/1.26.2
2025/01/31 23:01:43 [notice] 1#1: built by gcc 13.2.1 20240309 (Alpine 13.2.1_git20240309) 
2025/01/31 23:01:43 [notice] 1#1: OS: Linux 6.8.0-1021-aws
2025/01/31 23:01:43 [notice] 1#1: getrlimit(RLIMIT_NOFILE): 1048576:1048576
2025/01/31 23:01:43 [notice] 1#1: start worker processes
2025/01/31 23:01:43 [notice] 1#1: start worker process 28
2025/01/31 23:01:43 [notice] 1#1: start worker process 29
2025/01/31 23:02:55 [error] 29#29: *18 open() "/var/www/certbot/.well-known/acme-challenge/test.txt" failed (2: No such file or directory), client: 54.226.228.6, server: opsforall.net, request: "GET /.well-known/acme-challenge/test.txt HTTP/1.1", host: "opsforall.net"
2025/01/31 23:07:24 [notice] 1#1: signal 3 (SIGQUIT) received, shutting down
2025/01/31 23:07:24 [notice] 29#29: gracefully shutting down
2025/01/31 23:07:24 [notice] 29#29: exiting
2025/01/31 23:07:24 [notice] 29#29: exit
2025/01/31 23:07:24 [notice] 28#28: gracefully shutting down
2025/01/31 23:07:24 [notice] 28#28: exiting
2025/01/31 23:07:24 [notice] 28#28: exit
2025/01/31 23:07:24 [notice] 1#1: signal 17 (SIGCHLD) received from 28
2025/01/31 23:07:24 [notice] 1#1: worker process 28 exited with code 0
2025/01/31 23:07:24 [notice] 1#1: worker process 29 exited with code 0
2025/01/31 23:07:24 [notice] 1#1: exit
2025/01/31 23:07:25 [notice] 1#1: using the "epoll" event method
2025/01/31 23:07:25 [notice] 1#1: nginx/1.26.2
2025/01/31 23:07:25 [notice] 1#1: built by gcc 13.2.1 20240309 (Alpine 13.2.1_git20240309) 
2025/01/31 23:07:25 [notice] 1#1: OS: Linux 6.8.0-1021-aws
2025/01/31 23:07:25 [notice] 1#1: getrlimit(RLIMIT_NOFILE): 1048576:1048576
2025/01/31 23:07:25 [notice] 1#1: start worker processes
2025/01/31 23:07:25 [notice] 1#1: start worker process 29
2025/01/31 23:07:25 [notice] 1#1: start worker process 30
2025/01/31 23:07:32 [warn] 29#29: *7 an upstream response is buffered to a temporary file /var/cache/nginx/proxy_temp/1/00/0000000001 while reading upstream, client: 176.163.175.218, server: opsforall.net, request: "GET /main.66f4f3e335dce1e0.js HTTP/1.1", upstream: "http://172.18.0.2:4200/main.66f4f3e335dce1e0.js", host: "opsforall.net", referrer: "https://opsforall.net/"
2025/01/31 23:07:33 [warn] 29#29: *11 an upstream response is buffered to a temporary file /var/cache/nginx/proxy_temp/2/00/0000000002 while reading upstream, client: 176.163.175.218, server: opsforall.net, request: "GET /main.66f4f3e335dce1e0.js HTTP/1.1", upstream: "http://172.18.0.2:4200/main.66f4f3e335dce1e0.js", host: "opsforall.net"
2025/01/31 23:09:06 [warn] 29#29: *17 an upstream response is buffered to a temporary file /var/cache/nginx/proxy_temp/3/00/0000000003 while reading upstream, client: 41.225.208.121, server: opsforall.net, request: "GET /main.66f4f3e335dce1e0.js HTTP/1.1", upstream: "http://172.18.0.2:4200/main.66f4f3e335dce1e0.js", host: "opsforall.net", referrer: "https://opsforall.net/"
2025/01/31 23:24:11 [notice] 1#1: signal 3 (SIGQUIT) received, shutting down
2025/01/31 23:24:11 [notice] 30#30: gracefully shutting down
2025/01/31 23:24:11 [notice] 30#30: exiting
2025/01/31 23:24:11 [notice] 30#30: exit
2025/01/31 23:24:11 [notice] 29#29: gracefully shutting down
2025/01/31 23:24:11 [notice] 29#29: exiting
2025/01/31 23:24:11 [notice] 29#29: exit
2025/01/31 23:24:11 [notice] 1#1: signal 17 (SIGCHLD) received from 29
2025/01/31 23:24:11 [notice] 1#1: worker process 29 exited with code 0
2025/01/31 23:24:11 [notice] 1#1: signal 29 (SIGIO) received
2025/01/31 23:24:11 [notice] 1#1: signal 17 (SIGCHLD) received from 30
2025/01/31 23:24:11 [notice] 1#1: worker process 30 exited with code 0
2025/01/31 23:24:11 [notice] 1#1: exit
2025/02/05 16:37:56 [notice] 1#1: using the "epoll" event method
2025/02/05 16:37:56 [notice] 1#1: nginx/1.26.2
2025/02/05 16:37:56 [notice] 1#1: built by gcc 13.2.1 20240309 (Alpine 13.2.1_git20240309) 
2025/02/05 16:37:56 [notice] 1#1: OS: Linux 6.8.0-1021-aws
2025/02/05 16:37:56 [notice] 1#1: getrlimit(RLIMIT_NOFILE): 1048576:1048576
2025/02/05 16:37:56 [notice] 1#1: start worker processes
2025/02/05 16:37:56 [notice] 1#1: start worker process 29
2025/02/05 16:37:56 [notice] 1#1: start worker process 30
